<?xml version="1.0" encoding="UTF-8"?>
<!-- Generated by org.testng.reporters.JUnitReportReporter -->
<testsuite hostname="GABILAN-QA11L" failures="0" tests="1" name="com.fitPeoProject.test.revenueCalculatorTest" time="4.106" errors="0" timestamp="2024-11-26T21:56:46 IST" skipped="0">
  <testcase classname="com.fitPeoProject.test.revenueCalculatorTest" name="RevenueCalculatorTest" time="4.106"/>
  <system-out/>
</testsuite> <!-- com.fitPeoProject.test.revenueCalculatorTest -->
